This file contains any messages produced by compilers while
running configure, to aid debugging if configure makes a mistake.

It was created by MATIO configure 1.5.0, which was
generated by GNU Autoconf 2.68.  Invocation command line was

  $ ./configure --no-create --no-recursion

## --------- ##
## Platform. ##
## --------- ##

hostname = Scorpio-Ubuntu
uname -m = x86_64
uname -r = 3.8.0-34-generic
uname -s = Linux
uname -v = #49-Ubuntu SMP Tue Nov 12 18:00:10 UTC 2013

/usr/bin/uname -p = unknown
/bin/uname -X     = unknown

/bin/arch              = unknown
/usr/bin/arch -k       = unknown
/usr/convex/getsysinfo = unknown
/usr/bin/hostinfo      = unknown
/bin/machine           = unknown
/usr/bin/oslevel       = unknown
/bin/universe          = unknown

PATH: /home/brawner/catkin_ws/devel/bin
PATH: /opt/ros/hydro/bin
PATH: /usr/lib/lightdm/lightdm
PATH: /usr/local/sbin
PATH: /usr/local/bin
PATH: /usr/sbin
PATH: /usr/bin
PATH: /sbin
PATH: /bin
PATH: /usr/games
PATH: /usr/local/games


## ----------- ##
## Core tests. ##
## ----------- ##

configure:2655: checking for a BSD-compatible install
configure:2723: result: /usr/bin/install -c
configure:2734: checking whether build environment is sane
configure:2784: result: yes
configure:2925: checking for a thread-safe mkdir -p
configure:2964: result: /bin/mkdir -p
configure:2977: checking for gawk
configure:3007: result: no
configure:2977: checking for mawk
configure:2993: found /usr/bin/mawk
configure:3004: result: mawk
configure:3015: checking whether make sets $(MAKE)
configure:3037: result: yes
configure:3130: checking whether to enable maintainer-specific portions of Makefiles
configure:3139: result: no
configure:3157: checking build system type
configure:3171: result: x86_64-unknown-linux-gnu
configure:3191: checking host system type
configure:3204: result: x86_64-unknown-linux-gnu
configure:3295: checking for gcc
configure:3311: found /usr/bin/gcc
configure:3322: result: gcc
configure:3551: checking for C compiler version
configure:3560: gcc --version >&5
gcc (Ubuntu/Linaro 4.7.3-1ubuntu1) 4.7.3
Copyright (C) 2012 Free Software Foundation, Inc.
This is free software; see the source for copying conditions.  There is NO
warranty; not even for MERCHANTABILITY or FITNESS FOR A PARTICULAR PURPOSE.

configure:3571: $? = 0
configure:3560: gcc -v >&5
Using built-in specs.
COLLECT_GCC=gcc
COLLECT_LTO_WRAPPER=/usr/lib/gcc/x86_64-linux-gnu/4.7/lto-wrapper
Target: x86_64-linux-gnu
Configured with: ../src/configure -v --with-pkgversion='Ubuntu/Linaro 4.7.3-1ubuntu1' --with-bugurl=file:///usr/share/doc/gcc-4.7/README.Bugs --enable-languages=c,c++,go,fortran,objc,obj-c++ --prefix=/usr --program-suffix=-4.7 --enable-shared --enable-linker-build-id --libexecdir=/usr/lib --without-included-gettext --enable-threads=posix --with-gxx-include-dir=/usr/include/c++/4.7 --libdir=/usr/lib --enable-nls --with-sysroot=/ --enable-clocale=gnu --enable-libstdcxx-debug --enable-libstdcxx-time=yes --enable-gnu-unique-object --enable-plugin --with-system-zlib --enable-objc-gc --with-cloog --enable-cloog-backend=ppl --disable-cloog-version-check --disable-ppl-version-check --enable-multiarch --disable-werror --with-arch-32=i686 --with-abi=m64 --with-multilib-list=m32,m64,mx32 --with-tune=generic --enable-checking=release --build=x86_64-linux-gnu --host=x86_64-linux-gnu --target=x86_64-linux-gnu
Thread model: posix
gcc version 4.7.3 (Ubuntu/Linaro 4.7.3-1ubuntu1) 
configure:3571: $? = 0
configure:3560: gcc -V >&5
gcc: error: unrecognized command line option '-V'
gcc: fatal error: no input files
compilation terminated.
configure:3571: $? = 4
configure:3560: gcc -qversion >&5
gcc: error: unrecognized command line option '-qversion'
gcc: fatal error: no input files
compilation terminated.
configure:3571: $? = 4
configure:3591: checking whether the C compiler works
configure:3613: gcc -DH5_USE_16_API   conftest.c  >&5
configure:3617: $? = 0
configure:3665: result: yes
configure:3668: checking for C compiler default output file name
configure:3670: result: a.out
configure:3676: checking for suffix of executables
configure:3683: gcc -o conftest -DH5_USE_16_API   conftest.c  >&5
configure:3687: $? = 0
configure:3709: result: 
configure:3731: checking whether we are cross compiling
configure:3739: gcc -o conftest -DH5_USE_16_API   conftest.c  >&5
configure:3743: $? = 0
configure:3750: ./conftest
configure:3754: $? = 0
configure:3769: result: no
configure:3774: checking for suffix of object files
configure:3796: gcc -c -DH5_USE_16_API  conftest.c >&5
configure:3800: $? = 0
configure:3821: result: o
configure:3825: checking whether we are using the GNU C compiler
configure:3844: gcc -c -DH5_USE_16_API  conftest.c >&5
configure:3844: $? = 0
configure:3853: result: yes
configure:3862: checking whether gcc accepts -g
configure:3882: gcc -c -g  conftest.c >&5
configure:3882: $? = 0
configure:3923: result: yes
configure:3940: checking for gcc option to accept ISO C89
configure:4004: gcc  -c -DH5_USE_16_API  conftest.c >&5
configure:4004: $? = 0
configure:4017: result: none needed
configure:4043: checking how to run the C preprocessor
configure:4074: gcc -E  conftest.c
configure:4074: $? = 0
configure:4088: gcc -E  conftest.c
conftest.c:15:28: fatal error: ac_nonexistent.h: No such file or directory
compilation terminated.
configure:4088: $? = 1
configure: failed program was:
| /* confdefs.h */
| #define PACKAGE_NAME "MATIO"
| #define PACKAGE_TARNAME "matio"
| #define PACKAGE_VERSION "1.5.0"
| #define PACKAGE_STRING "MATIO 1.5.0"
| #define PACKAGE_BUGREPORT "chulbe1@mac.com"
| #define PACKAGE_URL ""
| #define PACKAGE "matio"
| #define VERSION "1.5.0"
| #define MATIO_PLATFORM "x86_64-unknown-linux-gnu"
| #define MATIO_MAJOR_VERSION 1
| #define MATIO_MINOR_VERSION 5
| #define MATIO_RELEASE_LEVEL 0
| /* end confdefs.h.  */
| #include <ac_nonexistent.h>
configure:4113: result: gcc -E
configure:4133: gcc -E  conftest.c
configure:4133: $? = 0
configure:4147: gcc -E  conftest.c
conftest.c:15:28: fatal error: ac_nonexistent.h: No such file or directory
compilation terminated.
configure:4147: $? = 1
configure: failed program was:
| /* confdefs.h */
| #define PACKAGE_NAME "MATIO"
| #define PACKAGE_TARNAME "matio"
| #define PACKAGE_VERSION "1.5.0"
| #define PACKAGE_STRING "MATIO 1.5.0"
| #define PACKAGE_BUGREPORT "chulbe1@mac.com"
| #define PACKAGE_URL ""
| #define PACKAGE "matio"
| #define VERSION "1.5.0"
| #define MATIO_PLATFORM "x86_64-unknown-linux-gnu"
| #define MATIO_MAJOR_VERSION 1
| #define MATIO_MINOR_VERSION 5
| #define MATIO_RELEASE_LEVEL 0
| /* end confdefs.h.  */
| #include <ac_nonexistent.h>
configure:4176: checking for grep that handles long lines and -e
configure:4234: result: /bin/grep
configure:4239: checking for egrep
configure:4301: result: /bin/grep -E
configure:4306: checking for ANSI C header files
configure:4326: gcc -c -DH5_USE_16_API  conftest.c >&5
configure:4326: $? = 0
configure:4399: gcc -o conftest -DH5_USE_16_API   conftest.c  >&5
configure:4399: $? = 0
configure:4399: ./conftest
configure:4399: $? = 0
configure:4410: result: yes
configure:4423: checking for sys/types.h
configure:4423: gcc -c -DH5_USE_16_API  conftest.c >&5
configure:4423: $? = 0
configure:4423: result: yes
configure:4423: checking for sys/stat.h
configure:4423: gcc -c -DH5_USE_16_API  conftest.c >&5
configure:4423: $? = 0
configure:4423: result: yes
configure:4423: checking for stdlib.h
configure:4423: gcc -c -DH5_USE_16_API  conftest.c >&5
configure:4423: $? = 0
configure:4423: result: yes
configure:4423: checking for string.h
configure:4423: gcc -c -DH5_USE_16_API  conftest.c >&5
configure:4423: $? = 0
configure:4423: result: yes
configure:4423: checking for memory.h
configure:4423: gcc -c -DH5_USE_16_API  conftest.c >&5
configure:4423: $? = 0
configure:4423: result: yes
configure:4423: checking for strings.h
configure:4423: gcc -c -DH5_USE_16_API  conftest.c >&5
configure:4423: $? = 0
configure:4423: result: yes
configure:4423: checking for inttypes.h
configure:4423: gcc -c -DH5_USE_16_API  conftest.c >&5
configure:4423: $? = 0
configure:4423: result: yes
configure:4423: checking for stdint.h
configure:4423: gcc -c -DH5_USE_16_API  conftest.c >&5
configure:4423: $? = 0
configure:4423: result: yes
configure:4423: checking for unistd.h
configure:4423: gcc -c -DH5_USE_16_API  conftest.c >&5
configure:4423: $? = 0
configure:4423: result: yes
configure:4439: checking getopt.h usability
configure:4439: gcc -c -DH5_USE_16_API  conftest.c >&5
configure:4439: $? = 0
configure:4439: result: yes
configure:4439: checking getopt.h presence
configure:4439: gcc -E  conftest.c
configure:4439: $? = 0
configure:4439: result: yes
configure:4439: checking for getopt.h
configure:4439: result: yes
configure:4456: checking for getopt_long_only
configure:4456: gcc -o conftest -DH5_USE_16_API   conftest.c  >&5
configure:4456: $? = 0
configure:4456: result: yes
configure:4470: checking whether optreset is declared
configure:4470: gcc -c -DH5_USE_16_API  conftest.c >&5
conftest.c: In function 'main':
conftest.c:36:10: error: 'optreset' undeclared (first use in this function)
conftest.c:36:10: note: each undeclared identifier is reported only once for each function it appears in
configure:4470: $? = 1
configure: failed program was:
| /* confdefs.h */
| #define PACKAGE_NAME "MATIO"
| #define PACKAGE_TARNAME "matio"
| #define PACKAGE_VERSION "1.5.0"
| #define PACKAGE_STRING "MATIO 1.5.0"
| #define PACKAGE_BUGREPORT "chulbe1@mac.com"
| #define PACKAGE_URL ""
| #define PACKAGE "matio"
| #define VERSION "1.5.0"
| #define MATIO_PLATFORM "x86_64-unknown-linux-gnu"
| #define MATIO_MAJOR_VERSION 1
| #define MATIO_MINOR_VERSION 5
| #define MATIO_RELEASE_LEVEL 0
| #define STDC_HEADERS 1
| #define HAVE_SYS_TYPES_H 1
| #define HAVE_SYS_STAT_H 1
| #define HAVE_STDLIB_H 1
| #define HAVE_STRING_H 1
| #define HAVE_MEMORY_H 1
| #define HAVE_STRINGS_H 1
| #define HAVE_INTTYPES_H 1
| #define HAVE_STDINT_H 1
| #define HAVE_UNISTD_H 1
| #define HAVE_GETOPT_H 1
| #define HAVE_GETOPT_LONG_ONLY 1
| /* end confdefs.h.  */
| #include <getopt.h>
| 
| int
| main ()
| {
| #ifndef optreset
| #ifdef __cplusplus
|   (void) optreset;
| #else
|   (void) optreset;
| #endif
| #endif
| 
|   ;
|   return 0;
| }
configure:4470: result: no
configure:4479: checking for working GNU getopt function
configure:4511: gcc -o conftest -DH5_USE_16_API   conftest.c  >&5
configure:4511: $? = 0
configure:4511: ./conftest
conftest: invalid option -- '+'
configure:4511: $? = 0
configure:4521: result: yes
configure:4529: checking whether getenv is declared
configure:4529: gcc -c -DH5_USE_16_API  conftest.c >&5
configure:4529: $? = 0
configure:4529: result: yes
configure:4582: checking for unistd.h
configure:4582: result: yes
configure:4734: checking for C compiler version
configure:4743: gcc --version >&5
gcc (Ubuntu/Linaro 4.7.3-1ubuntu1) 4.7.3
Copyright (C) 2012 Free Software Foundation, Inc.
This is free software; see the source for copying conditions.  There is NO
warranty; not even for MERCHANTABILITY or FITNESS FOR A PARTICULAR PURPOSE.

configure:4754: $? = 0
configure:4743: gcc -v >&5
Using built-in specs.
COLLECT_GCC=gcc
COLLECT_LTO_WRAPPER=/usr/lib/gcc/x86_64-linux-gnu/4.7/lto-wrapper
Target: x86_64-linux-gnu
Configured with: ../src/configure -v --with-pkgversion='Ubuntu/Linaro 4.7.3-1ubuntu1' --with-bugurl=file:///usr/share/doc/gcc-4.7/README.Bugs --enable-languages=c,c++,go,fortran,objc,obj-c++ --prefix=/usr --program-suffix=-4.7 --enable-shared --enable-linker-build-id --libexecdir=/usr/lib --without-included-gettext --enable-threads=posix --with-gxx-include-dir=/usr/include/c++/4.7 --libdir=/usr/lib --enable-nls --with-sysroot=/ --enable-clocale=gnu --enable-libstdcxx-debug --enable-libstdcxx-time=yes --enable-gnu-unique-object --enable-plugin --with-system-zlib --enable-objc-gc --with-cloog --enable-cloog-backend=ppl --disable-cloog-version-check --disable-ppl-version-check --enable-multiarch --disable-werror --with-arch-32=i686 --with-abi=m64 --with-multilib-list=m32,m64,mx32 --with-tune=generic --enable-checking=release --build=x86_64-linux-gnu --host=x86_64-linux-gnu --target=x86_64-linux-gnu
Thread model: posix
gcc version 4.7.3 (Ubuntu/Linaro 4.7.3-1ubuntu1) 
configure:4754: $? = 0
configure:4743: gcc -V >&5
gcc: error: unrecognized command line option '-V'
gcc: fatal error: no input files
compilation terminated.
configure:4754: $? = 4
configure:4743: gcc -qversion >&5
gcc: error: unrecognized command line option '-qversion'
gcc: fatal error: no input files
compilation terminated.
configure:4754: $? = 4
configure:4758: checking whether we are using the GNU C compiler
configure:4786: result: yes
configure:4795: checking whether gcc accepts -g
configure:4856: result: yes
configure:4873: checking for gcc option to accept ISO C89
configure:4950: result: none needed
configure:5014: checking for ranlib
configure:5030: found /usr/bin/ranlib
configure:5041: result: ranlib
configure:5933: checking debug mode
configure:5937: result: no
configure:5962: checking profile mode
configure:5966: result: no
configure:6121: checking how to print strings
configure:6148: result: printf
configure:6169: checking for a sed that does not truncate output
configure:6233: result: /bin/sed
configure:6251: checking for fgrep
configure:6313: result: /bin/grep -F
configure:6348: checking for ld used by gcc
configure:6415: result: /usr/bin/ld
configure:6422: checking if the linker (/usr/bin/ld) is GNU ld
configure:6437: result: yes
configure:6449: checking for BSD- or MS-compatible name lister (nm)
configure:6498: result: /usr/bin/nm -B
configure:6628: checking the name lister (/usr/bin/nm -B) interface
configure:6635: gcc -c  -DH5_USE_16_API  conftest.c >&5
configure:6638: /usr/bin/nm -B "conftest.o"
configure:6641: output
0000000000000000 B some_variable
configure:6648: result: BSD nm
configure:6651: checking whether ln -s works
configure:6655: result: yes
configure:6663: checking the maximum length of command line arguments
configure:6788: result: 3458764513820540925
configure:6805: checking whether the shell understands some XSI constructs
configure:6815: result: yes
configure:6819: checking whether the shell understands "+="
configure:6825: result: yes
configure:6860: checking for /usr/bin/ld option to reload object files
configure:6867: result: -r
configure:6936: checking for objdump
configure:6952: found /usr/bin/objdump
configure:6963: result: objdump
configure:6995: checking how to recognize dependent libraries
configure:7196: result: pass_all
configure:7256: checking for ar
configure:7272: found /usr/bin/ar
configure:7283: result: ar
configure:7361: checking for strip
configure:7377: found /usr/bin/strip
configure:7388: result: strip
configure:7460: checking for ranlib
configure:7487: result: ranlib
configure:7589: checking command to parse /usr/bin/nm -B output from gcc object
configure:7707: gcc -c  -DH5_USE_16_API  conftest.c >&5
configure:7710: $? = 0
configure:7714: /usr/bin/nm -B conftest.o \| sed -n -e 's/^.*[ ]\([ABCDGIRSTW][ABCDGIRSTW]*\)[ ][ ]*\([_A-Za-z][_A-Za-z0-9]*\)$/\1 \2 \2/p' \> conftest.nm
configure:7717: $? = 0
configure:7771: gcc -o conftest  -DH5_USE_16_API   conftest.c conftstm.o >&5
configure:7774: $? = 0
configure:7812: result: ok
configure:7907: gcc -c  -DH5_USE_16_API  conftest.c >&5
configure:7910: $? = 0
configure:8663: checking for dlfcn.h
configure:8663: gcc -c  -DH5_USE_16_API  conftest.c >&5
configure:8663: $? = 0
configure:8663: result: yes
configure:8790: checking for objdir
configure:8805: result: .libs
configure:9076: checking if gcc supports -fno-rtti -fno-exceptions
configure:9094: gcc -c  -DH5_USE_16_API  -fno-rtti -fno-exceptions conftest.c >&5
cc1: warning: command line option '-fno-rtti' is valid for C++/ObjC++ but not for C [enabled by default]
configure:9098: $? = 0
configure:9111: result: no
configure:9131: checking for gcc option to produce PIC
configure:9428: result: -fPIC -DPIC
configure:9440: checking if gcc PIC flag -fPIC -DPIC works
configure:9458: gcc -c  -DH5_USE_16_API  -fPIC -DPIC -DPIC conftest.c >&5
configure:9462: $? = 0
configure:9475: result: yes
configure:9499: checking if gcc static flag -static works
configure:9527: result: yes
configure:9542: checking if gcc supports -c -o file.o
configure:9563: gcc -c  -DH5_USE_16_API  -o out/conftest2.o conftest.c >&5
configure:9567: $? = 0
configure:9589: result: yes
configure:9597: checking if gcc supports -c -o file.o
configure:9644: result: yes
configure:9677: checking whether the gcc linker (/usr/bin/ld -m elf_x86_64) supports shared libraries
configure:10796: result: yes
configure:10834: checking whether -lc should be explicitly linked in
configure:10842: gcc -c  -DH5_USE_16_API  conftest.c >&5
configure:10845: $? = 0
configure:10860: gcc -shared conftest.o  -v -Wl,-soname -Wl,conftest -o conftest 2\>\&1 \| /bin/grep  -lc  \>/dev/null 2\>\&1
configure:10863: $? = 0
configure:10877: result: no
configure:11057: checking dynamic linker characteristics
configure:11520: gcc -o conftest  -DH5_USE_16_API   -Wl,-rpath -Wl,/foo conftest.c  >&5
configure:11520: $? = 0
configure:11742: result: GNU/Linux ld.so
configure:11849: checking how to hardcode library paths into programs
configure:11874: result: immediate
configure:12454: checking whether stripping libraries is possible
configure:12459: result: yes
configure:12494: checking if libtool supports shared libraries
configure:12496: result: yes
configure:12499: checking whether to build shared libraries
configure:12520: result: yes
configure:12523: checking whether to build static libraries
configure:12527: result: yes
configure:15307: checking whether make sets $(MAKE)
configure:15329: result: yes
configure:15340: checking for grep that handles long lines and -e
configure:15398: result: /bin/grep
configure:15405: checking for pow in -lm
configure:15438: gcc -o conftest  -DH5_USE_16_API   conftest.c -lm   >&5
conftest.c:40:6: warning: conflicting types for built-in function 'pow' [enabled by default]
configure:15438: $? = 0
configure:15447: result: yes
configure:15462: checking for ANSI C header files
configure:15574: result: yes
configure:15582: checking for inttypes.h
configure:15582: result: yes
configure:15591: checking for stdint.h
configure:15591: result: yes
configure:15600: checking for strings.h
configure:15600: result: yes
configure:15609: checking for unistd.h
configure:15609: result: yes
configure:15621: checking for getopt_long
configure:15650: gcc -o conftest  -DH5_USE_16_API   conftest.c -lm  >&5
conftest.c: In function 'main':
conftest.c:58:1: error: 'opt' undeclared (first use in this function)
conftest.c:58:1: note: each undeclared identifier is reported only once for each function it appears in
configure:15650: $? = 1
configure: failed program was:
| /* confdefs.h */
| #define PACKAGE_NAME "MATIO"
| #define PACKAGE_TARNAME "matio"
| #define PACKAGE_VERSION "1.5.0"
| #define PACKAGE_STRING "MATIO 1.5.0"
| #define PACKAGE_BUGREPORT "chulbe1@mac.com"
| #define PACKAGE_URL ""
| #define PACKAGE "matio"
| #define VERSION "1.5.0"
| #define MATIO_PLATFORM "x86_64-unknown-linux-gnu"
| #define MATIO_MAJOR_VERSION 1
| #define MATIO_MINOR_VERSION 5
| #define MATIO_RELEASE_LEVEL 0
| #define STDC_HEADERS 1
| #define HAVE_SYS_TYPES_H 1
| #define HAVE_SYS_STAT_H 1
| #define HAVE_STDLIB_H 1
| #define HAVE_STRING_H 1
| #define HAVE_MEMORY_H 1
| #define HAVE_STRINGS_H 1
| #define HAVE_INTTYPES_H 1
| #define HAVE_STDINT_H 1
| #define HAVE_UNISTD_H 1
| #define HAVE_GETOPT_H 1
| #define HAVE_GETOPT_LONG_ONLY 1
| #define HAVE_DECL_GETENV 1
| #define HAVE_UNISTD_H 1
| #define NODEBUG /**/
| #define NODEBUG /**/
| #define HAVE_DLFCN_H 1
| #define LT_OBJDIR ".libs/"
| #define HAVE_LIBM 1
| #define STDC_HEADERS 1
| #define MATIO_HAVE_INTTYPES_H 1
| #define MATIO_HAVE_STDINT_H 1
| #define HAVE_STRINGS_H 1
| #define HAVE_UNISTD_H 1
| /* end confdefs.h.  */
| #include <stdio.h>
|  #include <stdlib.h>
|  #ifdef HAVE_UNISTD_H
|  #include <unistd.h>
|  #endif
|  #define _GNU_SOURCE /* For getopt_long on GNU systems */
|  #include <getopt.h>
| 
| #ifdef FC_DUMMY_MAIN
| #ifndef FC_DUMMY_MAIN_EQ_F77
| #  ifdef __cplusplus
|      extern "C"
| #  endif
|    int FC_DUMMY_MAIN() { return 1; }
| #endif
| #endif
| int
| main ()
| {
| opt = getopt_long(0,NULL,NULL,NULL,NULL);
|   ;
|   return 0;
| }
configure:15663: result: internal
configure:15715: checking size of double
configure:15720: gcc -o conftest  -DH5_USE_16_API   conftest.c -lm  >&5
configure:15720: $? = 0
configure:15720: ./conftest
configure:15720: $? = 0
configure:15734: result: 8
configure:15748: checking size of float
configure:15753: gcc -o conftest  -DH5_USE_16_API   conftest.c -lm  >&5
configure:15753: $? = 0
configure:15753: ./conftest
configure:15753: $? = 0
configure:15767: result: 4
configure:15781: checking size of long long
configure:15786: gcc -o conftest  -DH5_USE_16_API   conftest.c -lm  >&5
configure:15786: $? = 0
configure:15786: ./conftest
configure:15786: $? = 0
configure:15800: result: 8
configure:15814: checking size of long
configure:15819: gcc -o conftest  -DH5_USE_16_API   conftest.c -lm  >&5
configure:15819: $? = 0
configure:15819: ./conftest
configure:15819: $? = 0
configure:15833: result: 8
configure:15847: checking size of int
configure:15852: gcc -o conftest  -DH5_USE_16_API   conftest.c -lm  >&5
configure:15852: $? = 0
configure:15852: ./conftest
configure:15852: $? = 0
configure:15866: result: 4
configure:15880: checking size of short
configure:15885: gcc -o conftest  -DH5_USE_16_API   conftest.c -lm  >&5
configure:15885: $? = 0
configure:15885: ./conftest
configure:15885: $? = 0
configure:15899: result: 2
configure:15913: checking size of char
configure:15918: gcc -o conftest  -DH5_USE_16_API   conftest.c -lm  >&5
configure:15918: $? = 0
configure:15918: ./conftest
configure:15918: $? = 0
configure:15932: result: 1
configure:15946: checking size of void *
configure:15951: gcc -o conftest  -DH5_USE_16_API   conftest.c -lm  >&5
configure:15951: $? = 0
configure:15951: ./conftest
configure:15951: $? = 0
configure:15965: result: 8
configure:15979: checking size of size_t
configure:15984: gcc -o conftest  -DH5_USE_16_API   conftest.c -lm  >&5
configure:15984: $? = 0
configure:15984: ./conftest
configure:15984: $? = 0
configure:15998: result: 8
configure:16017: checking for mat_int64_t
configure:16047: gcc -o conftest  -DH5_USE_16_API   conftest.c -lm  >&5
configure:16047: $? = 0
configure:16068: result: int64_t
configure:16363: checking for mat_uint64_t
configure:16393: gcc -o conftest  -DH5_USE_16_API   conftest.c -lm  >&5
configure:16393: $? = 0
configure:16414: result: uint64_t
configure:16709: checking for mat_int32_t
configure:16739: gcc -o conftest  -DH5_USE_16_API   conftest.c -lm  >&5
configure:16739: $? = 0
configure:16760: result: int32_t
configure:17055: checking for mat_uint32_t
configure:17085: gcc -o conftest  -DH5_USE_16_API   conftest.c -lm  >&5
configure:17085: $? = 0
configure:17106: result: uint32_t
configure:17401: checking for mat_int16_t
configure:17431: gcc -o conftest  -DH5_USE_16_API   conftest.c -lm  >&5
configure:17431: $? = 0
configure:17452: result: int16_t
configure:17747: checking for mat_uint16_t
configure:17777: gcc -o conftest  -DH5_USE_16_API   conftest.c -lm  >&5
configure:17777: $? = 0
configure:17798: result: uint16_t
configure:18093: checking for mat_int8_t
configure:18123: gcc -o conftest  -DH5_USE_16_API   conftest.c -lm  >&5
configure:18123: $? = 0
configure:18144: result: int8_t
configure:18439: checking for mat_uint8_t
configure:18469: gcc -o conftest  -DH5_USE_16_API   conftest.c -lm  >&5
configure:18469: $? = 0
configure:18490: result: uint8_t
configure:18799: checking for va_copy()
configure:18821: gcc -o conftest  -DH5_USE_16_API   conftest.c -lm  >&5
conftest.c: In function 'f':
conftest.c:70:4: warning: incompatible implicit declaration of built-in function 'exit' [enabled by default]
configure:18821: $? = 0
configure:18830: result: yes
configure:18883: checking for vsnprintf()
configure:18901: gcc -o conftest  -DH5_USE_16_API   conftest.c -lm  >&5
configure:18901: $? = 0
configure:18910: result: yes
configure:18913: checking for snprintf()
configure:18930: gcc -o conftest  -DH5_USE_16_API   conftest.c -lm  >&5
configure:18930: $? = 0
configure:18939: result: yes
configure:18942: checking for vasprintf()
configure:18960: gcc -o conftest  -DH5_USE_16_API   conftest.c -lm  >&5
configure:18960: $? = 0
configure:18969: result: yes
configure:18972: checking for asprintf()
configure:18989: gcc -o conftest  -DH5_USE_16_API   conftest.c -lm  >&5
configure:18989: $? = 0
configure:18998: result: yes
configure:19051: checking for matlab
configure:19084: result: no
configure:19097: result: no
configure:19115: checking for zlib Library
configure:19153: gcc -o conftest  -DH5_USE_16_API    conftest.c -lm  -lz >&5
configure:19153: $? = 0
configure:19218: result: -lz
configure:19250: checking for HDF5 software
configure:19295: gcc -o conftest   -DH5_USE_16_API   conftest.c -lhdf5 -lz -lm  >&5
conftest.c:72:35: fatal error: hdf5.h: No such file or directory
compilation terminated.
configure:19295: $? = 1
configure: failed program was:
| /* confdefs.h */
| #define PACKAGE_NAME "MATIO"
| #define PACKAGE_TARNAME "matio"
| #define PACKAGE_VERSION "1.5.0"
| #define PACKAGE_STRING "MATIO 1.5.0"
| #define PACKAGE_BUGREPORT "chulbe1@mac.com"
| #define PACKAGE_URL ""
| #define PACKAGE "matio"
| #define VERSION "1.5.0"
| #define MATIO_PLATFORM "x86_64-unknown-linux-gnu"
| #define MATIO_MAJOR_VERSION 1
| #define MATIO_MINOR_VERSION 5
| #define MATIO_RELEASE_LEVEL 0
| #define STDC_HEADERS 1
| #define HAVE_SYS_TYPES_H 1
| #define HAVE_SYS_STAT_H 1
| #define HAVE_STDLIB_H 1
| #define HAVE_STRING_H 1
| #define HAVE_MEMORY_H 1
| #define HAVE_STRINGS_H 1
| #define HAVE_INTTYPES_H 1
| #define HAVE_STDINT_H 1
| #define HAVE_UNISTD_H 1
| #define HAVE_GETOPT_H 1
| #define HAVE_GETOPT_LONG_ONLY 1
| #define HAVE_DECL_GETENV 1
| #define HAVE_UNISTD_H 1
| #define NODEBUG /**/
| #define NODEBUG /**/
| #define HAVE_DLFCN_H 1
| #define LT_OBJDIR ".libs/"
| #define HAVE_LIBM 1
| #define STDC_HEADERS 1
| #define MATIO_HAVE_INTTYPES_H 1
| #define MATIO_HAVE_STDINT_H 1
| #define HAVE_STRINGS_H 1
| #define HAVE_UNISTD_H 1
| #define SIZEOF_DOUBLE 8
| #define SIZEOF_FLOAT 4
| #define SIZEOF_LONG_LONG 8
| #define SIZEOF_LONG 8
| #define SIZEOF_INT 4
| #define SIZEOF_SHORT 2
| #define SIZEOF_CHAR 1
| #define SIZEOF_VOID_P 8
| #define SIZEOF_SIZE_T 8
| #define HAVE_MAT_INT64_T /**/
| #define _mat_int64_t int64_t
| #define HAVE_MAT_UINT64_T /**/
| #define _mat_uint64_t uint64_t
| #define HAVE_MAT_INT32_T /**/
| #define _mat_int32_t int32_t
| #define HAVE_MAT_UINT32_T /**/
| #define _mat_uint32_t uint32_t
| #define HAVE_MAT_INT16_T /**/
| #define _mat_int16_t int16_t
| #define HAVE_MAT_UINT16_T /**/
| #define _mat_uint16_t uint16_t
| #define HAVE_MAT_INT8_T /**/
| #define _mat_int8_t int8_t
| #define HAVE_MAT_UINT8_T /**/
| #define _mat_uint8_t uint8_t
| #define HAVE_VA_COPY /**/
| #define HAVE_VSNPRINTF /**/
| #define HAVE_SNPRINTF /**/
| #define HAVE_VASPRINTF /**/
| #define HAVE_ASPRINTF /**/
| #define HAVE_ZLIB 1
| /* end confdefs.h.  */
| #include<stdio.h>
|                  #include <stdlib.h>
|                  #include <hdf5.h>
| #ifdef FC_DUMMY_MAIN
| #ifndef FC_DUMMY_MAIN_EQ_F77
| #  ifdef __cplusplus
|      extern "C"
| #  endif
|    int FC_DUMMY_MAIN() { return 1; }
| #endif
| #endif
| int
| main ()
| {
| H5open()
|   ;
|   return 0;
| }
configure:19318: result: no
configure:19343: checking enable enable MAT v7.3 file support
configure:19352: result: no
configure:19388: checking for default MAT file version
configure:19408: result: MAT_FT_MAT5
configure:19422: checking enable extended sparse types
configure:19429: result: yes
configure:19506: checking for doxygen
configure:19524: found /usr/bin/doxygen
configure:19536: result: /usr/bin/doxygen
configure:19559: checking install docs
configure:19571: result: yes
configure:19792: creating ./config.status
configure:22261: result: 
configure:22263: result:    MATIO Configuration Summary       
configure:22265: result: ==============================================================
configure:22267: result:            C Compiler: gcc
configure:22269: result:      Fortran Compiler: 
configure:22271: result:                CFLAGS:  -DH5_USE_16_API
configure:22273: result:               FCFLAGS:  
configure:22275: result:             FCLDFLAGS: 
configure:22277: result:      Shared Libraries: yes
configure:22279: result:      Static Libraries: yes
configure:22281: result:   default MAT version: MAT_FT_MAT5
configure:22283: result: 
configure:22285: result: Features --------------------------------------------
configure:22287: result:     Fortran Interface: no
configure:22289: result: MAT v7.3 file support: no
configure:22291: result:         Documentation: yes
configure:22293: result: 
configure:22295: result: Packages --------------------------------------------
configure:22297: result:                  zlib: -lz
configure:22299: result:                  hdf5: 
configure:22301: result:                MATLAB: 
configure:22303: result: 
configure:22305: result: 

## ---------------- ##
## Cache variables. ##
## ---------------- ##

ac_cv_build=x86_64-unknown-linux-gnu
ac_cv_c_compiler_gnu=yes
ac_cv_env_CC_set=
ac_cv_env_CC_value=
ac_cv_env_CFLAGS_set=set
ac_cv_env_CFLAGS_value=-DH5_USE_16_API
ac_cv_env_CPPFLAGS_set=
ac_cv_env_CPPFLAGS_value=
ac_cv_env_CPP_set=
ac_cv_env_CPP_value=
ac_cv_env_FCFLAGS_set=
ac_cv_env_FCFLAGS_value=
ac_cv_env_FCLDFLAGS_set=
ac_cv_env_FCLDFLAGS_value=
ac_cv_env_FC_set=
ac_cv_env_FC_value=
ac_cv_env_LDFLAGS_set=
ac_cv_env_LDFLAGS_value=
ac_cv_env_LIBS_set=
ac_cv_env_LIBS_value=
ac_cv_env_LT_CFLAGS_set=
ac_cv_env_LT_CFLAGS_value=
ac_cv_env_LT_LDFLAGS_set=
ac_cv_env_LT_LDFLAGS_value=
ac_cv_env_build_alias_set=
ac_cv_env_build_alias_value=
ac_cv_env_host_alias_set=
ac_cv_env_host_alias_value=
ac_cv_env_target_alias_set=
ac_cv_env_target_alias_value=
ac_cv_func_getopt_long_only=yes
ac_cv_have_decl_getenv=yes
ac_cv_have_decl_optreset=no
ac_cv_header_dlfcn_h=yes
ac_cv_header_getopt_h=yes
ac_cv_header_inttypes_h=yes
ac_cv_header_memory_h=yes
ac_cv_header_stdc=yes
ac_cv_header_stdint_h=yes
ac_cv_header_stdlib_h=yes
ac_cv_header_string_h=yes
ac_cv_header_strings_h=yes
ac_cv_header_sys_stat_h=yes
ac_cv_header_sys_types_h=yes
ac_cv_header_unistd_h=yes
ac_cv_host=x86_64-unknown-linux-gnu
ac_cv_lib_m_pow=yes
ac_cv_objext=o
ac_cv_path_DOXYGEN=/usr/bin/doxygen
ac_cv_path_EGREP='/bin/grep -E'
ac_cv_path_FGREP='/bin/grep -F'
ac_cv_path_GREP=/bin/grep
ac_cv_path_SED=/bin/sed
ac_cv_path_install='/usr/bin/install -c'
ac_cv_path_mkdir=/bin/mkdir
ac_cv_prog_AWK=mawk
ac_cv_prog_CPP='gcc -E'
ac_cv_prog_ac_ct_AR=ar
ac_cv_prog_ac_ct_CC=gcc
ac_cv_prog_ac_ct_OBJDUMP=objdump
ac_cv_prog_ac_ct_RANLIB=ranlib
ac_cv_prog_ac_ct_STRIP=strip
ac_cv_prog_cc_c89=
ac_cv_prog_cc_g=yes
ac_cv_prog_make_make_set=yes
ac_cv_sizeof_char=1
ac_cv_sizeof_double=8
ac_cv_sizeof_float=4
ac_cv_sizeof_int=4
ac_cv_sizeof_long=8
ac_cv_sizeof_long_long=8
ac_cv_sizeof_short=2
ac_cv_sizeof_size_t=8
ac_cv_sizeof_void_p=8
gl_cv_func_gnu_getopt=yes
lt_cv_archive_cmds_need_lc=no
lt_cv_deplibs_check_method=pass_all
lt_cv_file_magic_cmd='$MAGIC_CMD'
lt_cv_file_magic_test_file=
lt_cv_ld_reload_flag=-r
lt_cv_nm_interface='BSD nm'
lt_cv_objdir=.libs
lt_cv_path_LD=/usr/bin/ld
lt_cv_path_NM='/usr/bin/nm -B'
lt_cv_prog_compiler_c_o=yes
lt_cv_prog_compiler_pic_works=yes
lt_cv_prog_compiler_rtti_exceptions=no
lt_cv_prog_compiler_static_works=yes
lt_cv_prog_gnu_ld=yes
lt_cv_shlibpath_overrides_runpath=no
lt_cv_sys_global_symbol_pipe='sed -n -e '\''s/^.*[	 ]\([ABCDGIRSTW][ABCDGIRSTW]*\)[	 ][	 ]*\([_A-Za-z][_A-Za-z0-9]*\)$/\1 \2 \2/p'\'''
lt_cv_sys_global_symbol_to_c_name_address='sed -n -e '\''s/^: \([^ ]*\) $/  {\"\1\", (void *) 0},/p'\'' -e '\''s/^[ABCDGIRSTW]* \([^ ]*\) \([^ ]*\)$/  {"\2", (void *) \&\2},/p'\'''
lt_cv_sys_global_symbol_to_c_name_address_lib_prefix='sed -n -e '\''s/^: \([^ ]*\) $/  {\"\1\", (void *) 0},/p'\'' -e '\''s/^[ABCDGIRSTW]* \([^ ]*\) \(lib[^ ]*\)$/  {"\2", (void *) \&\2},/p'\'' -e '\''s/^[ABCDGIRSTW]* \([^ ]*\) \([^ ]*\)$/  {"lib\2", (void *) \&\2},/p'\'''
lt_cv_sys_global_symbol_to_cdecl='sed -n -e '\''s/^T .* \(.*\)$/extern int \1();/p'\'' -e '\''s/^[ABCDGIRSTW]* .* \(.*\)$/extern char \1;/p'\'''
lt_cv_sys_max_cmd_len=3458764513820540925
matio_cv_have_asprintf=yes
matio_cv_have_matlab=no
matio_cv_have_snprintf=yes
matio_cv_have_va_copy=yes
matio_cv_have_vasprintf=yes
matio_cv_have_vsnprintf=yes

## ----------------- ##
## Output variables. ##
## ----------------- ##

ACLOCAL='${SHELL} /home/brawner/catkin_ws/src/baxter_h2r_packages/meldon_detection/src/kdes/dependencies/matio/config/missing --run aclocal-1.11'
AMTAR='${SHELL} /home/brawner/catkin_ws/src/baxter_h2r_packages/meldon_detection/src/kdes/dependencies/matio/config/missing --run tar'
AM_BACKSLASH='\'
AM_DEFAULT_VERBOSITY='1'
AR='ar'
AUTOCONF='${SHELL} /home/brawner/catkin_ws/src/baxter_h2r_packages/meldon_detection/src/kdes/dependencies/matio/config/missing --run autoconf'
AUTOHEADER='${SHELL} /home/brawner/catkin_ws/src/baxter_h2r_packages/meldon_detection/src/kdes/dependencies/matio/config/missing --run autoheader'
AUTOM4TE='autom4te'
AUTOMAKE='${SHELL} /home/brawner/catkin_ws/src/baxter_h2r_packages/meldon_detection/src/kdes/dependencies/matio/config/missing --run automake-1.11'
AUTOTEST='$(AUTOM4TE) --language=Autotest'
AWK='mawk'
CC='gcc'
CFLAGS=' -DH5_USE_16_API'
CPP='gcc -E'
CPPFLAGS=''
CYGPATH_W='echo'
DEFS='-DHAVE_CONFIG_H'
DOCS_INSTALL_FALSE='#'
DOCS_INSTALL_TRUE=''
DOXYGEN='/usr/bin/doxygen'
DSYMUTIL=''
DUMPBIN=''
ECHO_C=''
ECHO_N='-n'
ECHO_T=''
EGREP='/bin/grep -E'
ENABLE_FORTRAN_FALSE=''
ENABLE_FORTRAN_TRUE='#'
EXEEXT=''
FC=''
FCFLAGS=' '
FCLDFLAGS=''
FCLIBS=''
FCLINK='$(LINK)'
FGREP='/bin/grep -F'
GETOPT_H=''
GL_COND_LIBTOOL_FALSE='#'
GL_COND_LIBTOOL_TRUE=''
GREP='/bin/grep'
HAVE_HDF5_FALSE=''
HAVE_HDF5_TRUE='#'
HAVE_INT64='1'
HAVE_UINT64='1'
HAVE_ZLIB_FALSE='#'
HAVE_ZLIB_TRUE=''
HDF5_CFLAGS=''
HDF5_LIBS=''
INSTALL_DATA='${INSTALL} -m 644'
INSTALL_PROGRAM='${INSTALL}'
INSTALL_SCRIPT='${INSTALL}'
INSTALL_STRIP_PROGRAM='$(install_sh) -c -s'
LD='/usr/bin/ld -m elf_x86_64'
LDFLAGS=''
LIBOBJS=''
LIBS='-lm '
LIBTOOL='$(SHELL) $(top_builddir)/libtool'
LINUX_FALSE='#'
LINUX_TRUE=''
LIPO=''
LN_S='ln -s'
LTLIBOBJS=''
LT_CFLAGS=''
LT_LDFLAGS=''
MAINT='#'
MAINTAINER_MODE_FALSE=''
MAINTAINER_MODE_TRUE='#'
MAKEINFO='${SHELL} /home/brawner/catkin_ws/src/baxter_h2r_packages/meldon_detection/src/kdes/dependencies/matio/config/missing --run makeinfo'
MAT73_FALSE=''
MAT73_TRUE='#'
MATLABEXE=''
MKDIR_P='/bin/mkdir -p'
NEED_GETOPT_FALSE='#'
NEED_GETOPT_TRUE=''
NM='/usr/bin/nm -B'
NMEDIT=''
OBJDUMP='objdump'
OBJEXT='o'
OTOOL64=''
OTOOL=''
PACKAGE='matio'
PACKAGE_BUGREPORT='chulbe1@mac.com'
PACKAGE_NAME='MATIO'
PACKAGE_RELEASE_DATE='3 January 2008'
PACKAGE_STRING='MATIO 1.5.0'
PACKAGE_TARNAME='matio'
PACKAGE_URL=''
PACKAGE_VERSION='1.5.0'
PATH_SEPARATOR=':'
RANLIB='ranlib'
SED='/bin/sed'
SET_MAKE=''
SHELL='/bin/bash'
SIZEOF_INT='4'
SIZEOF_SIZE_T='8'
SIZEOF_VOID_P='8'
STRIP='strip'
SUN_FALSE=''
SUN_TRUE='#'
UNISTD_H=''
VERSION='1.5.0'
WINNT_FALSE=''
WINNT_TRUE='#'
ZLIB_CFLAGS=''
ZLIB_LIBS='-lz'
ac_ct_CC='gcc'
ac_ct_DUMPBIN=''
ac_ct_FC=''
am__EXEEXT_FALSE=''
am__EXEEXT_TRUE='#'
am__isrc=''
am__leading_dot='.'
am__tar='${AMTAR} chof - "$$tardir"'
am__untar='${AMTAR} xf -'
bindir='${exec_prefix}/bin'
build='x86_64-unknown-linux-gnu'
build_alias=''
build_cpu='x86_64'
build_os='linux-gnu'
build_vendor='unknown'
datadir='${datarootdir}'
datarootdir='${prefix}/share'
docdir='${datarootdir}/doc/${PACKAGE_TARNAME}'
dvidir='${docdir}'
exec_prefix='${prefix}'
gl_LIBOBJS=''
gl_LTLIBOBJS=''
host='x86_64-unknown-linux-gnu'
host_alias=''
host_cpu='x86_64'
host_os='linux-gnu'
host_vendor='unknown'
htmldir='${docdir}'
includedir='${prefix}/include'
infodir='${datarootdir}/info'
install_sh='${SHELL} /home/brawner/catkin_ws/src/baxter_h2r_packages/meldon_detection/src/kdes/dependencies/matio/config/install-sh'
libdir='${exec_prefix}/lib'
libexecdir='${exec_prefix}/libexec'
localedir='${datarootdir}/locale'
localstatedir='${prefix}/var'
mandir='${datarootdir}/man'
mkdir_p='/bin/mkdir -p'
oldincludedir='/usr/include'
pdfdir='${docdir}'
prefix='/usr/local'
program_transform_name='s,x,x,'
psdir='${docdir}'
sbindir='${exec_prefix}/sbin'
sharedstatedir='${prefix}/com'
sysconfdir='${prefix}/etc'
target_alias=''

## ----------- ##
## confdefs.h. ##
## ----------- ##

/* confdefs.h */
#define PACKAGE_NAME "MATIO"
#define PACKAGE_TARNAME "matio"
#define PACKAGE_VERSION "1.5.0"
#define PACKAGE_STRING "MATIO 1.5.0"
#define PACKAGE_BUGREPORT "chulbe1@mac.com"
#define PACKAGE_URL ""
#define PACKAGE "matio"
#define VERSION "1.5.0"
#define MATIO_PLATFORM "x86_64-unknown-linux-gnu"
#define MATIO_MAJOR_VERSION 1
#define MATIO_MINOR_VERSION 5
#define MATIO_RELEASE_LEVEL 0
#define STDC_HEADERS 1
#define HAVE_SYS_TYPES_H 1
#define HAVE_SYS_STAT_H 1
#define HAVE_STDLIB_H 1
#define HAVE_STRING_H 1
#define HAVE_MEMORY_H 1
#define HAVE_STRINGS_H 1
#define HAVE_INTTYPES_H 1
#define HAVE_STDINT_H 1
#define HAVE_UNISTD_H 1
#define HAVE_GETOPT_H 1
#define HAVE_GETOPT_LONG_ONLY 1
#define HAVE_DECL_GETENV 1
#define HAVE_UNISTD_H 1
#define NODEBUG /**/
#define NODEBUG /**/
#define HAVE_DLFCN_H 1
#define LT_OBJDIR ".libs/"
#define HAVE_LIBM 1
#define STDC_HEADERS 1
#define MATIO_HAVE_INTTYPES_H 1
#define MATIO_HAVE_STDINT_H 1
#define HAVE_STRINGS_H 1
#define HAVE_UNISTD_H 1
#define SIZEOF_DOUBLE 8
#define SIZEOF_FLOAT 4
#define SIZEOF_LONG_LONG 8
#define SIZEOF_LONG 8
#define SIZEOF_INT 4
#define SIZEOF_SHORT 2
#define SIZEOF_CHAR 1
#define SIZEOF_VOID_P 8
#define SIZEOF_SIZE_T 8
#define HAVE_MAT_INT64_T /**/
#define _mat_int64_t int64_t
#define HAVE_MAT_UINT64_T /**/
#define _mat_uint64_t uint64_t
#define HAVE_MAT_INT32_T /**/
#define _mat_int32_t int32_t
#define HAVE_MAT_UINT32_T /**/
#define _mat_uint32_t uint32_t
#define HAVE_MAT_INT16_T /**/
#define _mat_int16_t int16_t
#define HAVE_MAT_UINT16_T /**/
#define _mat_uint16_t uint16_t
#define HAVE_MAT_INT8_T /**/
#define _mat_int8_t int8_t
#define HAVE_MAT_UINT8_T /**/
#define _mat_uint8_t uint8_t
#define HAVE_VA_COPY /**/
#define HAVE_VSNPRINTF /**/
#define HAVE_SNPRINTF /**/
#define HAVE_VASPRINTF /**/
#define HAVE_ASPRINTF /**/
#define HAVE_ZLIB 1
#define MAT73 0
#define MAT_FT_DEFAULT MAT_FT_MAT5
#define EXTENDED_SPARSE /**/
#define LINUX /**/

configure: exit 0

## ---------------------- ##
## Running config.status. ##
## ---------------------- ##

This file was extended by MATIO config.status 1.5.0, which was
generated by GNU Autoconf 2.68.  Invocation command line was

  CONFIG_FILES    = 
  CONFIG_HEADERS  = 
  CONFIG_LINKS    = 
  CONFIG_COMMANDS = 
  $ ./config.status 

on Scorpio-Ubuntu

config.status:1240: creating Makefile
config.status:1240: creating matio.pc
config.status:1240: creating src/Makefile
config.status:1240: creating getopt/lib/Makefile
config.status:1240: creating tools/Makefile
config.status:1240: creating test/Makefile
config.status:1240: creating doxygen/Makefile
config.status:1240: creating doxygen/user_api/Makefile
config.status:1240: creating doxygen/dev_api/Makefile
config.status:1240: creating src/matioConfig.h
config.status:1240: creating src/matio_pubconf.h
config.status:1421: src/matio_pubconf.h is unchanged
config.status:1469: executing libtool commands
config.status:1469: executing test/atconfig commands
