Determining if the pthread_create exist failed with the following output:
Change Dir: /home/brawner/workspace/baxter_hackathon/baxter_kinect_calibration/build/CMakeFiles/CMakeTmp

Run Build Command:/usr/bin/make "cmTryCompileExec3199426346/fast"
make[1]: Entering directory `/home/brawner/workspace/baxter_hackathon/baxter_kinect_calibration/build/CMakeFiles/CMakeTmp'
/usr/bin/make -f CMakeFiles/cmTryCompileExec3199426346.dir/build.make CMakeFiles/cmTryCompileExec3199426346.dir/build
make[2]: Entering directory `/home/brawner/workspace/baxter_hackathon/baxter_kinect_calibration/build/CMakeFiles/CMakeTmp'
/usr/bin/cmake -E cmake_progress_report /home/brawner/workspace/baxter_hackathon/baxter_kinect_calibration/build/CMakeFiles/CMakeTmp/CMakeFiles 1
Building C object CMakeFiles/cmTryCompileExec3199426346.dir/CheckSymbolExists.c.o
/usr/bin/cc    -o CMakeFiles/cmTryCompileExec3199426346.dir/CheckSymbolExists.c.o   -c /home/brawner/workspace/baxter_hackathon/baxter_kinect_calibration/build/CMakeFiles/CMakeTmp/CheckSymbolExists.c
Linking C executable cmTryCompileExec3199426346
/usr/bin/cmake -E cmake_link_script CMakeFiles/cmTryCompileExec3199426346.dir/link.txt --verbose=1
/usr/bin/cc         CMakeFiles/cmTryCompileExec3199426346.dir/CheckSymbolExists.c.o  -o cmTryCompileExec3199426346 -rdynamic 
CMakeFiles/cmTryCompileExec3199426346.dir/CheckSymbolExists.c.o: In function `main':
CheckSymbolExists.c:(.text+0x16): undefined reference to `pthread_create'
collect2: error: ld returned 1 exit status
make[2]: *** [cmTryCompileExec3199426346] Error 1
make[2]: Leaving directory `/home/brawner/workspace/baxter_hackathon/baxter_kinect_calibration/build/CMakeFiles/CMakeTmp'
make[1]: *** [cmTryCompileExec3199426346/fast] Error 2
make[1]: Leaving directory `/home/brawner/workspace/baxter_hackathon/baxter_kinect_calibration/build/CMakeFiles/CMakeTmp'

File /home/brawner/workspace/baxter_hackathon/baxter_kinect_calibration/build/CMakeFiles/CMakeTmp/CheckSymbolExists.c:
/* */
#include <pthread.h>

int main(int argc, char** argv)
{
  (void)argv;
#ifndef pthread_create
  return ((int*)(&pthread_create))[argc];
#else
  (void)argc;
  return 0;
#endif
}

Determining if the function pthread_create exists in the pthreads failed with the following output:
Change Dir: /home/brawner/workspace/baxter_hackathon/baxter_kinect_calibration/build/CMakeFiles/CMakeTmp

Run Build Command:/usr/bin/make "cmTryCompileExec3013283406/fast"
make[1]: Entering directory `/home/brawner/workspace/baxter_hackathon/baxter_kinect_calibration/build/CMakeFiles/CMakeTmp'
/usr/bin/make -f CMakeFiles/cmTryCompileExec3013283406.dir/build.make CMakeFiles/cmTryCompileExec3013283406.dir/build
make[2]: Entering directory `/home/brawner/workspace/baxter_hackathon/baxter_kinect_calibration/build/CMakeFiles/CMakeTmp'
/usr/bin/cmake -E cmake_progress_report /home/brawner/workspace/baxter_hackathon/baxter_kinect_calibration/build/CMakeFiles/CMakeTmp/CMakeFiles 1
Building C object CMakeFiles/cmTryCompileExec3013283406.dir/CheckFunctionExists.c.o
/usr/bin/cc   -DCHECK_FUNCTION_EXISTS=pthread_create   -o CMakeFiles/cmTryCompileExec3013283406.dir/CheckFunctionExists.c.o   -c /usr/share/cmake-2.8/Modules/CheckFunctionExists.c
Linking C executable cmTryCompileExec3013283406
/usr/bin/cmake -E cmake_link_script CMakeFiles/cmTryCompileExec3013283406.dir/link.txt --verbose=1
/usr/bin/cc     -DCHECK_FUNCTION_EXISTS=pthread_create    CMakeFiles/cmTryCompileExec3013283406.dir/CheckFunctionExists.c.o  -o cmTryCompileExec3013283406 -rdynamic -lpthreads 
/usr/bin/ld: cannot find -lpthreads
collect2: error: ld returned 1 exit status
make[2]: *** [cmTryCompileExec3013283406] Error 1
make[2]: Leaving directory `/home/brawner/workspace/baxter_hackathon/baxter_kinect_calibration/build/CMakeFiles/CMakeTmp'
make[1]: *** [cmTryCompileExec3013283406/fast] Error 2
make[1]: Leaving directory `/home/brawner/workspace/baxter_hackathon/baxter_kinect_calibration/build/CMakeFiles/CMakeTmp'


